0 info it worked if it ends with ok
1 verbose cli [ 'node', '/usr/bin/npm', 'run', 'console', 'chat-messages' ]
2 info using npm@2.11.3
3 info using node@v0.12.4
4 verbose run-script [ 'preconsole', 'console', 'postconsole' ]
5 info preconsole remotestoragejs-modules@0.1.0
6 info console remotestoragejs-modules@0.1.0
7 verbose unsafe-perm in lifecycle true
8 info remotestoragejs-modules@0.1.0 Failed to exec console script
9 verbose stack Error: remotestoragejs-modules@0.1.0 console: `babel-node scripts/module-console.js "chat-messages"`
9 verbose stack Exit status 1
9 verbose stack     at EventEmitter.<anonymous> (/usr/lib/node_modules/npm/lib/utils/lifecycle.js:213:16)
9 verbose stack     at EventEmitter.emit (events.js:110:17)
9 verbose stack     at ChildProcess.<anonymous> (/usr/lib/node_modules/npm/lib/utils/spawn.js:24:14)
9 verbose stack     at ChildProcess.emit (events.js:110:17)
9 verbose stack     at maybeClose (child_process.js:1015:16)
9 verbose stack     at Process.ChildProcess._handle.onexit (child_process.js:1087:5)
10 verbose pkgid remotestoragejs-modules@0.1.0
11 verbose cwd /home/basti/src/remotestorage/modules
12 error Linux 4.0.5-1-ARCH
13 error argv "node" "/usr/bin/npm" "run" "console" "chat-messages"
14 error node v0.12.4
15 error npm  v2.11.3
16 error code ELIFECYCLE
17 error remotestoragejs-modules@0.1.0 console: `babel-node scripts/module-console.js "chat-messages"`
17 error Exit status 1
18 error Failed at the remotestoragejs-modules@0.1.0 console script 'babel-node scripts/module-console.js "chat-messages"'.
18 error This is most likely a problem with the remotestoragejs-modules package,
18 error not with npm itself.
18 error Tell the author that this fails on your system:
18 error     babel-node scripts/module-console.js "chat-messages"
18 error You can get their info via:
18 error     npm owner ls remotestoragejs-modules
18 error There is likely additional logging output above.
19 verbose exit [ 1, true ]
